c:\re-collect\re-collect-windows\x64\debug\vc142.pdb
c:\re-collect\re-collect-windows\x64\debug\vc142.idb
c:\re-collect\re-collect-windows\x64\debug\update.obj
c:\re-collect\re-collect-windows\x64\debug\main.obj
c:\re-collect\re-collect-windows\x64\debug\game.obj
c:\re-collect\re-collect-windows\x64\debug\menu.obj
c:\re-collect\re-collect-windows\x64\debug\texturemanager.obj
c:\re-collect\re-collect-windows\x64\debug\gameobject.obj
c:\re-collect\re-collect-windows\x64\debug2\re-collect.exe
c:\re-collect\re-collect-windows\x64\debug\re-collect.ilk
c:\re-collect\re-collect-windows\x64\debug2\re-collect.pdb
c:\re-collect\re-collect-windows\x64\debug\re-collect-windows.res
c:\re-collect\re-collect-windows\x64\debug\re-colle.40d3b494.tlog\cl.command.1.tlog
c:\re-collect\re-collect-windows\x64\debug\re-colle.40d3b494.tlog\cl.read.1.tlog
c:\re-collect\re-collect-windows\x64\debug\re-colle.40d3b494.tlog\cl.write.1.tlog
c:\re-collect\re-collect-windows\x64\debug\re-colle.40d3b494.tlog\link.command.1.tlog
c:\re-collect\re-collect-windows\x64\debug\re-colle.40d3b494.tlog\link.read.1.tlog
c:\re-collect\re-collect-windows\x64\debug\re-colle.40d3b494.tlog\link.write.1.tlog
c:\re-collect\re-collect-windows\x64\debug\re-colle.40d3b494.tlog\rc.command.1.tlog
c:\re-collect\re-collect-windows\x64\debug\re-colle.40d3b494.tlog\rc.read.1.tlog
c:\re-collect\re-collect-windows\x64\debug\re-colle.40d3b494.tlog\rc.write.1.tlog
